<?xml version="1.0" encoding="UTF-8"?>
<testng-results ignored="0" total="1" passed="1" failed="0" skipped="0">
  <reporter-output>
  </reporter-output>
  <suite started-at="2021-08-26T11:07:10 IST" name="Default suite" finished-at="2021-08-26T11:07:54 IST" duration-ms="44155">
    <groups>
    </groups>
    <test started-at="2021-08-26T11:07:10 IST" name="Default test" finished-at="2021-08-26T11:07:54 IST" duration-ms="44155">
      <class name="selenium.Sendkeys">
        <test-method signature="login()[pri:0, instance:selenium.Sendkeys@291ae]" started-at="2021-08-26T11:07:10 IST" name="login" finished-at="2021-08-26T11:07:54 IST" duration-ms="44039" status="PASS">
          <reporter-output>
          </reporter-output>
        </test-method> <!-- login -->
      </class> <!-- selenium.Sendkeys -->
    </test> <!-- Default test -->
  </suite> <!-- Default suite -->
</testng-results>
